<?xml version="1.0" encoding="UTF-8"?>
<testsuite name="org.nacha.paymentsystem.integration.SecurityConfigIntegrationTest" tests="3" skipped="0" failures="3" errors="0" timestamp="2025-01-29T23:58:57" hostname="BT7274" time="0.234">
  <properties/>
  <testcase name="shouldAllowAccessToUnsecuredEndpoint()" classname="org.nacha.paymentsystem.integration.SecurityConfigIntegrationTest" time="0.19">
    <failure message="org.springframework.web.client.ResourceAccessException: I/O error on GET request for &quot;http://localhost:50000/api/public/test&quot;: Connection refused: connect" type="org.springframework.web.client.ResourceAccessException">org.springframework.web.client.ResourceAccessException: I/O error on GET request for &quot;http://localhost:50000/api/public/test&quot;: Connection refused: connect
	at app//org.springframework.web.client.RestTemplate.createResourceAccessException(RestTemplate.java:915)
	at app//org.springframework.web.client.RestTemplate.doExecute(RestTemplate.java:895)
	at app//org.springframework.web.client.RestTemplate.execute(RestTemplate.java:790)
	at app//org.springframework.web.client.RestTemplate.getForEntity(RestTemplate.java:431)
	at app//org.nacha.paymentsystem.integration.SecurityConfigIntegrationTest.shouldAllowAccessToUnsecuredEndpoint(SecurityConfigIntegrationTest.java:49)
	at java.base@21.0.6/java.lang.reflect.Method.invoke(Method.java:580)
	at java.base@21.0.6/java.util.ArrayList.forEach(ArrayList.java:1596)
	at java.base@21.0.6/java.util.ArrayList.forEach(ArrayList.java:1596)
Caused by: java.net.ConnectException: Connection refused: connect
	at java.base/sun.nio.ch.Net.connect0(Native Method)
	at java.base/sun.nio.ch.Net.connect(Net.java:589)
	at java.base/sun.nio.ch.Net.connect(Net.java:578)
	at java.base/sun.nio.ch.NioSocketImpl.connect(NioSocketImpl.java:583)
	at java.base/java.net.Socket.connect(Socket.java:751)
	at java.base/java.net.Socket.connect(Socket.java:686)
	at java.base/sun.net.NetworkClient.doConnect(NetworkClient.java:183)
	at java.base/sun.net.www.http.HttpClient.openServer(HttpClient.java:531)
	at java.base/sun.net.www.http.HttpClient.openServer(HttpClient.java:636)
	at java.base/sun.net.www.http.HttpClient.&lt;init&gt;(HttpClient.java:280)
	at java.base/sun.net.www.http.HttpClient.New(HttpClient.java:386)
	at java.base/sun.net.www.http.HttpClient.New(HttpClient.java:408)
	at java.base/sun.net.www.protocol.http.HttpURLConnection.getNewHttpClient(HttpURLConnection.java:1319)
	at java.base/sun.net.www.protocol.http.HttpURLConnection.plainConnect0(HttpURLConnection.java:1252)
	at java.base/sun.net.www.protocol.http.HttpURLConnection.plainConnect(HttpURLConnection.java:1138)
	at java.base/sun.net.www.protocol.http.HttpURLConnection.connect(HttpURLConnection.java:1067)
	at org.springframework.http.client.SimpleClientHttpRequest.executeInternal(SimpleClientHttpRequest.java:79)
	at org.springframework.http.client.AbstractStreamingClientHttpRequest.executeInternal(AbstractStreamingClientHttpRequest.java:70)
	at org.springframework.http.client.AbstractClientHttpRequest.execute(AbstractClientHttpRequest.java:66)
	at org.springframework.web.client.RestTemplate.doExecute(RestTemplate.java:889)
	... 6 more
</failure>
  </testcase>
  <testcase name="shouldDenyAccessToSecuredEndpointWithoutAuthentication()" classname="org.nacha.paymentsystem.integration.SecurityConfigIntegrationTest" time="0.009">
    <failure message="org.springframework.web.client.ResourceAccessException: I/O error on GET request for &quot;http://localhost:50000/api/payments/test&quot;: Connection refused: connect" type="org.springframework.web.client.ResourceAccessException">org.springframework.web.client.ResourceAccessException: I/O error on GET request for &quot;http://localhost:50000/api/payments/test&quot;: Connection refused: connect
	at app//org.springframework.web.client.RestTemplate.createResourceAccessException(RestTemplate.java:915)
	at app//org.springframework.web.client.RestTemplate.doExecute(RestTemplate.java:895)
	at app//org.springframework.web.client.RestTemplate.execute(RestTemplate.java:790)
	at app//org.springframework.web.client.RestTemplate.getForEntity(RestTemplate.java:431)
	at app//org.nacha.paymentsystem.integration.SecurityConfigIntegrationTest.shouldDenyAccessToSecuredEndpointWithoutAuthentication(SecurityConfigIntegrationTest.java:37)
	at java.base@21.0.6/java.lang.reflect.Method.invoke(Method.java:580)
	at java.base@21.0.6/java.util.ArrayList.forEach(ArrayList.java:1596)
	at java.base@21.0.6/java.util.ArrayList.forEach(ArrayList.java:1596)
Caused by: java.net.ConnectException: Connection refused: connect
	at java.base/sun.nio.ch.Net.connect0(Native Method)
	at java.base/sun.nio.ch.Net.connect(Net.java:589)
	at java.base/sun.nio.ch.Net.connect(Net.java:578)
	at java.base/sun.nio.ch.NioSocketImpl.connect(NioSocketImpl.java:583)
	at java.base/java.net.Socket.connect(Socket.java:751)
	at java.base/java.net.Socket.connect(Socket.java:686)
	at java.base/sun.net.NetworkClient.doConnect(NetworkClient.java:183)
	at java.base/sun.net.www.http.HttpClient.openServer(HttpClient.java:531)
	at java.base/sun.net.www.http.HttpClient.openServer(HttpClient.java:636)
	at java.base/sun.net.www.http.HttpClient.&lt;init&gt;(HttpClient.java:280)
	at java.base/sun.net.www.http.HttpClient.New(HttpClient.java:386)
	at java.base/sun.net.www.http.HttpClient.New(HttpClient.java:408)
	at java.base/sun.net.www.protocol.http.HttpURLConnection.getNewHttpClient(HttpURLConnection.java:1319)
	at java.base/sun.net.www.protocol.http.HttpURLConnection.plainConnect0(HttpURLConnection.java:1252)
	at java.base/sun.net.www.protocol.http.HttpURLConnection.plainConnect(HttpURLConnection.java:1138)
	at java.base/sun.net.www.protocol.http.HttpURLConnection.connect(HttpURLConnection.java:1067)
	at org.springframework.http.client.SimpleClientHttpRequest.executeInternal(SimpleClientHttpRequest.java:79)
	at org.springframework.http.client.AbstractStreamingClientHttpRequest.executeInternal(AbstractStreamingClientHttpRequest.java:70)
	at org.springframework.http.client.AbstractClientHttpRequest.execute(AbstractClientHttpRequest.java:66)
	at org.springframework.web.client.RestTemplate.doExecute(RestTemplate.java:889)
	... 6 more
</failure>
  </testcase>
  <testcase name="shouldGrantAccessToSecuredEndpointWithValidCredentials()" classname="org.nacha.paymentsystem.integration.SecurityConfigIntegrationTest" time="0.018">
    <failure message="org.springframework.web.client.ResourceAccessException: I/O error on GET request for &quot;http://localhost:50000/api/payments/test&quot;: Connection refused: connect" type="org.springframework.web.client.ResourceAccessException">org.springframework.web.client.ResourceAccessException: I/O error on GET request for &quot;http://localhost:50000/api/payments/test&quot;: Connection refused: connect
	at app//org.springframework.web.client.RestTemplate.createResourceAccessException(RestTemplate.java:915)
	at app//org.springframework.web.client.RestTemplate.doExecute(RestTemplate.java:895)
	at app//org.springframework.web.client.RestTemplate.execute(RestTemplate.java:790)
	at app//org.springframework.web.client.RestTemplate.getForEntity(RestTemplate.java:431)
	at app//org.nacha.paymentsystem.integration.SecurityConfigIntegrationTest.shouldGrantAccessToSecuredEndpointWithValidCredentials(SecurityConfigIntegrationTest.java:63)
	at java.base@21.0.6/java.lang.reflect.Method.invoke(Method.java:580)
	at java.base@21.0.6/java.util.ArrayList.forEach(ArrayList.java:1596)
	at java.base@21.0.6/java.util.ArrayList.forEach(ArrayList.java:1596)
Caused by: java.net.ConnectException: Connection refused: connect
	at java.base/sun.nio.ch.Net.connect0(Native Method)
	at java.base/sun.nio.ch.Net.connect(Net.java:589)
	at java.base/sun.nio.ch.Net.connect(Net.java:578)
	at java.base/sun.nio.ch.NioSocketImpl.connect(NioSocketImpl.java:583)
	at java.base/java.net.Socket.connect(Socket.java:751)
	at java.base/java.net.Socket.connect(Socket.java:686)
	at java.base/sun.net.NetworkClient.doConnect(NetworkClient.java:183)
	at java.base/sun.net.www.http.HttpClient.openServer(HttpClient.java:531)
	at java.base/sun.net.www.http.HttpClient.openServer(HttpClient.java:636)
	at java.base/sun.net.www.http.HttpClient.&lt;init&gt;(HttpClient.java:280)
	at java.base/sun.net.www.http.HttpClient.New(HttpClient.java:386)
	at java.base/sun.net.www.http.HttpClient.New(HttpClient.java:408)
	at java.base/sun.net.www.protocol.http.HttpURLConnection.getNewHttpClient(HttpURLConnection.java:1319)
	at java.base/sun.net.www.protocol.http.HttpURLConnection.plainConnect0(HttpURLConnection.java:1252)
	at java.base/sun.net.www.protocol.http.HttpURLConnection.plainConnect(HttpURLConnection.java:1138)
	at java.base/sun.net.www.protocol.http.HttpURLConnection.connect(HttpURLConnection.java:1067)
	at org.springframework.http.client.SimpleClientHttpRequest.executeInternal(SimpleClientHttpRequest.java:79)
	at org.springframework.http.client.AbstractStreamingClientHttpRequest.executeInternal(AbstractStreamingClientHttpRequest.java:70)
	at org.springframework.http.client.AbstractClientHttpRequest.execute(AbstractClientHttpRequest.java:66)
	at org.springframework.web.client.RestTemplate.doExecute(RestTemplate.java:889)
	... 6 more
</failure>
  </testcase>
  <system-out><![CDATA[]]></system-out>
  <system-err><![CDATA[]]></system-err>
</testsuite>
