<?xml version="1.0" encoding="UTF-8"?>
<testsuite name="org.nacha.paymentsystem.ACHFormatValidatorTest" tests="2" skipped="0" failures="0" errors="0" timestamp="2025-01-29T23:58:56" hostname="BT7274" time="0.061">
  <properties/>
  <testcase name="testValidACHFormat()" classname="org.nacha.paymentsystem.ACHFormatValidatorTest" time="0.051"/>
  <testcase name="testInvalidACHFormat()" classname="org.nacha.paymentsystem.ACHFormatValidatorTest" time="0.005"/>
  <system-out><![CDATA[]]></system-out>
  <system-err><![CDATA[]]></system-err>
</testsuite>
